<?xml version="1.0" encoding="UTF-8"?>
<!-- Generated by org.testng.reporters.JUnitReportReporter -->
<testsuite skipped="0" hostname="DESKTOP-GLNMHU4" name="tests.TestScenario" tests="3" failures="0" timestamp="15 Jul 2018 14:18:06 GMT" time="92.829" errors="0">
  <testcase name="removingSecondItemFromTheCart" time="28.078" classname="tests.TestScenario"/>
  <testcase name="proceedToCheckoutAndAddAddress" time="33.004" classname="tests.TestScenario"/>
  <testcase name="addingItemsInTheCartAfterLogin" time="31.747" classname="tests.TestScenario"/>
</testsuite> <!-- tests.TestScenario -->
